<?xml version="1.0" encoding="UTF-8"?>
<robot generator="Robot 6.1.1 (Python 3.13.5 on darwin)" generated="20260111 15:55:04.013" rpa="false" schemaversion="4">
<suite id="s1" name="Config" source="/Volumes/Stuff/Start Ups/MoranERP/QATests/auto_generated/config">
<suite id="s1-s1" name="Test Config Utilities" source="/Volumes/Stuff/Start Ups/MoranERP/QATests/auto_generated/config/test_config_utilities.robot">
<kw name="Run Keywords" library="BuiltIn" type="SETUP">
<arg>Create Session</arg>
<arg>api</arg>
<arg>${BASE_URL}</arg>
<arg>AND</arg>
<arg>Get Auth Token For Suite</arg>
<doc>Executes all the given keywords in a sequence.</doc>
<kw name="Create Session" library="RequestsLibrary">
<arg>api</arg>
<arg>${BASE_URL}</arg>
<doc>Create Session: create a HTTP session to a server</doc>
<msg timestamp="20260111 15:55:04.060" level="INFO">Creating Session using : alias=api, url=http://localhost:9000, headers={},                     cookies={}, auth=None, timeout=None, proxies=None, verify=False,                     debug=0 </msg>
<status status="PASS" starttime="20260111 15:55:04.059" endtime="20260111 15:55:04.060"/>
</kw>
<kw name="Get Auth Token For Suite">
<kw name="Create Dictionary" library="BuiltIn">
<var>${payload}</var>
<arg>email=${TEST_EMAIL}</arg>
<arg>password=${TEST_PASSWORD}</arg>
<arg>tenant_id=${TEST_TENANT}</arg>
<doc>Creates and returns a dictionary based on the given ``items``.</doc>
<msg timestamp="20260111 15:55:04.060" level="INFO">${payload} = {'email': 'admin@moranerp.com', 'password': 'admin123', 'tenant_id': 'TEN-KE-26-Z11N5'}</msg>
<status status="PASS" starttime="20260111 15:55:04.060" endtime="20260111 15:55:04.060"/>
</kw>
<kw name="POST On Session" library="RequestsLibrary">
<var>${response}</var>
<arg>api</arg>
<arg>/auth/v1/login-with-tenant</arg>
<arg>json=${payload}</arg>
<doc>Sends a POST request on a previously created HTTP Session.</doc>
<msg timestamp="20260111 15:55:04.066" level="INFO">POST Request : url=http://localhost:9000/auth/v1/login-with-tenant 
 path_url=/auth/v1/login-with-tenant 
 headers={'User-Agent': 'python-requests/2.32.3', 'Accept-Encoding': 'gzip, deflate', 'Accept': '*/*', 'Connection': 'keep-alive', 'Content-Length': '87', 'Content-Type': 'application/json'} 
 body=b'{"email": "admin@moranerp.com", "password": "admin123", "tenant_id": "TEN-KE-26-Z11N5"}' 
 </msg>
<msg timestamp="20260111 15:55:04.067" level="INFO">POST Response : url=http://localhost:9000/auth/v1/login-with-tenant 
 status=401, reason=Unauthorized 
 headers={'date': 'Sun, 11 Jan 2026 12:55:03 GMT', 'server': 'uvicorn', 'content-length': '32', 'content-type': 'application/json'} 
 body={"detail":"Invalid credentials"} 
 </msg>
<msg timestamp="20260111 15:55:04.067" level="FAIL">HTTPError: 401 Client Error: Unauthorized for url: http://localhost:9000/auth/v1/login-with-tenant</msg>
<status status="FAIL" starttime="20260111 15:55:04.060" endtime="20260111 15:55:04.067"/>
</kw>
<kw name="Set Suite Variable" library="BuiltIn">
<arg>${SUITE_TOKEN}</arg>
<arg>${response.json()['access_token']}</arg>
<doc>Makes a variable available everywhere within the scope of the current suite.</doc>
<status status="NOT RUN" starttime="20260111 15:55:04.067" endtime="20260111 15:55:04.067"/>
</kw>
<status status="FAIL" starttime="20260111 15:55:04.060" endtime="20260111 15:55:04.067"/>
</kw>
<status status="FAIL" starttime="20260111 15:55:04.059" endtime="20260111 15:55:04.067"/>
</kw>
<test id="s1-s1-t1" name="Get Tenant Settings" line="21">
<doc>Test GET /api/settings/tenant - get tenant configuration settings</doc>
<tag>auto-generated</tag>
<tag>phase_config</tag>
<tag>settings</tag>
<tag>smoke</tag>
<status status="FAIL" starttime="20260111 15:55:04.067" endtime="20260111 15:55:04.067">Parent suite setup failed:
HTTPError: 401 Client Error: Unauthorized for url: http://localhost:9000/auth/v1/login-with-tenant</status>
</test>
<test id="s1-s1-t2" name="Update Module Toggles" line="32">
<doc>Test PATCH /api/settings/tenant/modules - update module toggles</doc>
<tag>auto-generated</tag>
<tag>phase_config</tag>
<tag>settings</tag>
<tag>write-operation</tag>
<status status="FAIL" starttime="20260111 15:55:04.068" endtime="20260111 15:55:04.068">Parent suite setup failed:
HTTPError: 401 Client Error: Unauthorized for url: http://localhost:9000/auth/v1/login-with-tenant</status>
</test>
<test id="s1-s1-t3" name="Get Company Settings" line="53">
<doc>Test GET /api/settings/company - get company settings</doc>
<tag>auto-generated</tag>
<tag>phase_config</tag>
<tag>settings</tag>
<status status="FAIL" starttime="20260111 15:55:04.068" endtime="20260111 15:55:04.068">Parent suite setup failed:
HTTPError: 401 Client Error: Unauthorized for url: http://localhost:9000/auth/v1/login-with-tenant</status>
</test>
<test id="s1-s1-t4" name="Get Currency Settings" line="64">
<doc>Test GET /api/settings/currency - get currency configuration</doc>
<tag>auto-generated</tag>
<tag>phase_config</tag>
<tag>settings</tag>
<status status="FAIL" starttime="20260111 15:55:04.068" endtime="20260111 15:55:04.068">Parent suite setup failed:
HTTPError: 401 Client Error: Unauthorized for url: http://localhost:9000/auth/v1/login-with-tenant</status>
</test>
<test id="s1-s1-t5" name="Get Import Template" line="76">
<doc>Test GET /api/v1/imports/template/{type} - get import template</doc>
<tag>auto-generated</tag>
<tag>imports</tag>
<tag>phase_config</tag>
<status status="FAIL" starttime="20260111 15:55:04.068" endtime="20260111 15:55:04.068">Parent suite setup failed:
HTTPError: 401 Client Error: Unauthorized for url: http://localhost:9000/auth/v1/login-with-tenant</status>
</test>
<test id="s1-s1-t6" name="List Import History" line="87">
<doc>Test GET /api/v1/imports/history - list import history</doc>
<tag>auto-generated</tag>
<tag>imports</tag>
<tag>phase_config</tag>
<status status="FAIL" starttime="20260111 15:55:04.068" endtime="20260111 15:55:04.068">Parent suite setup failed:
HTTPError: 401 Client Error: Unauthorized for url: http://localhost:9000/auth/v1/login-with-tenant</status>
</test>
<test id="s1-s1-t7" name="Get Import Status" line="98">
<doc>Test GET /api/v1/imports/{id}/status - get import job status</doc>
<tag>auto-generated</tag>
<tag>imports</tag>
<tag>phase_config</tag>
<status status="FAIL" starttime="20260111 15:55:04.068" endtime="20260111 15:55:04.068">Parent suite setup failed:
HTTPError: 401 Client Error: Unauthorized for url: http://localhost:9000/auth/v1/login-with-tenant</status>
</test>
<test id="s1-s1-t8" name="Get Onboarding Status" line="110">
<doc>Test GET /onboarding/status - get tenant onboarding status</doc>
<tag>auto-generated</tag>
<tag>onboarding</tag>
<tag>phase_config</tag>
<tag>smoke</tag>
<status status="FAIL" starttime="20260111 15:55:04.068" endtime="20260111 15:55:04.068">Parent suite setup failed:
HTTPError: 401 Client Error: Unauthorized for url: http://localhost:9000/auth/v1/login-with-tenant</status>
</test>
<test id="s1-s1-t9" name="Get Onboarding Steps" line="121">
<doc>Test GET /onboarding/steps - get onboarding step definitions</doc>
<tag>auto-generated</tag>
<tag>onboarding</tag>
<tag>phase_config</tag>
<status status="FAIL" starttime="20260111 15:55:04.069" endtime="20260111 15:55:04.069">Parent suite setup failed:
HTTPError: 401 Client Error: Unauthorized for url: http://localhost:9000/auth/v1/login-with-tenant</status>
</test>
<test id="s1-s1-t10" name="Complete Onboarding Step" line="132">
<doc>Test POST /onboarding/steps/{step}/complete - mark step complete</doc>
<tag>auto-generated</tag>
<tag>onboarding</tag>
<tag>phase_config</tag>
<tag>write-operation</tag>
<status status="FAIL" starttime="20260111 15:55:04.069" endtime="20260111 15:55:04.069">Parent suite setup failed:
HTTPError: 401 Client Error: Unauthorized for url: http://localhost:9000/auth/v1/login-with-tenant</status>
</test>
<test id="s1-s1-t11" name="List Tenants" line="148">
<doc>Test GET /iam/tenants - list all tenants (SUPER_ADMIN only)</doc>
<tag>auto-generated</tag>
<tag>iam</tag>
<tag>phase_config</tag>
<status status="FAIL" starttime="20260111 15:55:04.069" endtime="20260111 15:55:04.069">Parent suite setup failed:
HTTPError: 401 Client Error: Unauthorized for url: http://localhost:9000/auth/v1/login-with-tenant</status>
</test>
<test id="s1-s1-t12" name="Get Tenant Users" line="159">
<doc>Test GET /iam/tenants/{id}/users - list tenant users</doc>
<tag>auto-generated</tag>
<tag>iam</tag>
<tag>phase_config</tag>
<status status="FAIL" starttime="20260111 15:55:04.069" endtime="20260111 15:55:04.069">Parent suite setup failed:
HTTPError: 401 Client Error: Unauthorized for url: http://localhost:9000/auth/v1/login-with-tenant</status>
</test>
<test id="s1-s1-t13" name="Update Member Role" line="170">
<doc>Test PUT /iam/tenants/{id}/members/{user} - update member role</doc>
<tag>auto-generated</tag>
<tag>iam</tag>
<tag>phase_config</tag>
<tag>write-operation</tag>
<status status="FAIL" starttime="20260111 15:55:04.069" endtime="20260111 15:55:04.069">Parent suite setup failed:
HTTPError: 401 Client Error: Unauthorized for url: http://localhost:9000/auth/v1/login-with-tenant</status>
</test>
<kw name="Delete All Sessions" library="RequestsLibrary" type="TEARDOWN">
<doc>Removes all the session objects</doc>
<msg timestamp="20260111 15:55:04.069" level="INFO">Deleting All Sessions</msg>
<status status="PASS" starttime="20260111 15:55:04.069" endtime="20260111 15:55:04.069"/>
</kw>
<doc>Auto-generated tests for Configuration and Utilities APIs</doc>
<status status="FAIL" starttime="20260111 15:55:04.020" endtime="20260111 15:55:04.069">Suite setup failed:
HTTPError: 401 Client Error: Unauthorized for url: http://localhost:9000/auth/v1/login-with-tenant</status>
</suite>
<status status="FAIL" starttime="20260111 15:55:04.013" endtime="20260111 15:55:04.070"/>
</suite>
<statistics>
<total>
<stat pass="0" fail="13" skip="0">All Tests</stat>
</total>
<tag>
<stat pass="0" fail="13" skip="0">auto-generated</stat>
<stat pass="0" fail="3" skip="0">iam</stat>
<stat pass="0" fail="3" skip="0">imports</stat>
<stat pass="0" fail="3" skip="0">onboarding</stat>
<stat pass="0" fail="13" skip="0">phase_config</stat>
<stat pass="0" fail="4" skip="0">settings</stat>
<stat pass="0" fail="2" skip="0">smoke</stat>
<stat pass="0" fail="3" skip="0">write-operation</stat>
</tag>
<suite>
<stat pass="0" fail="13" skip="0" id="s1" name="Config">Config</stat>
<stat pass="0" fail="13" skip="0" id="s1-s1" name="Test Config Utilities">Config.Test Config Utilities</stat>
</suite>
</statistics>
<errors>
<msg timestamp="20260111 15:55:04.058" level="ERROR">Error in file '/Volumes/Stuff/Start Ups/MoranERP/QATests/resources/db_verification.robot' on line 3: Importing library 'DatabaseLibrary' failed: ModuleNotFoundError: No module named 'DatabaseLibrary'
Traceback (most recent call last):
  None
PYTHONPATH:
  /Library/Frameworks/Python.framework/Versions/3.13/bin
  /Library/Frameworks/Python.framework/Versions/3.13/lib/python313.zip
  /Library/Frameworks/Python.framework/Versions/3.13/lib/python3.13
  /Library/Frameworks/Python.framework/Versions/3.13/lib/python3.13/lib-dynload
  /Library/Frameworks/Python.framework/Versions/3.13/lib/python3.13/site-packages</msg>
</errors>
</robot>
